clinic_terminal/app/build/intermediates/manifest_merge_blame_file/debug/processDebugMainManifest/manifest-merger-blame-debug-report.txt
1<?xml version="1.0" encoding="utf-8"?>
2<manifest xmlns:android="http://schemas.android.com/apk/res/android"
3    package="com.smrs.clinic"
4    android:versionCode="1"
5    android:versionName="1.0" >
6
7    <uses-sdk
8        android:minSdkVersion="26"
9        android:targetSdkVersion="34" />
10
11    <!-- NFC permissions -->
12    <uses-permission android:name="android.permission.NFC" />
12-->src\main\AndroidManifest.xml:6:5-62
12-->src\main\AndroidManifest.xml:6:22-59
13    <uses-permission android:name="android.permission.INTERNET" />
13-->src\main\AndroidManifest.xml:7:5-67
13-->src\main\AndroidManifest.xml:7:22-64
14
15    <!-- NFC HCE hardware feature — required for Host Card Emulation -->
16    <uses-feature
16-->src\main\AndroidManifest.xml:10:5-85
17        android:name="android.hardware.nfc.hce"
17-->src\main\AndroidManifest.xml:10:19-58
18        android:required="true" />
18-->src\main\AndroidManifest.xml:10:59-82
19    <uses-feature
19-->src\main\AndroidManifest.xml:11:5-81
20        android:name="android.hardware.nfc"
20-->src\main\AndroidManifest.xml:11:19-54
21        android:required="true" />
21-->src\main\AndroidManifest.xml:11:55-78
22
23    <permission
23-->[androidx.core:core:1.9.0] AndroidManifest.xml:22:5-24:47
24        android:name="com.smrs.clinic.DYNAMIC_RECEIVER_NOT_EXPORTED_PERMISSION"
24-->[androidx.core:core:1.9.0] AndroidManifest.xml:23:9-81
25        android:protectionLevel="signature" />
25-->[androidx.core:core:1.9.0] AndroidManifest.xml:24:9-44
26
27    <uses-permission android:name="com.smrs.clinic.DYNAMIC_RECEIVER_NOT_EXPORTED_PERMISSION" />
27-->[androidx.core:core:1.9.0] AndroidManifest.xml:26:5-97
27-->[androidx.core:core:1.9.0] AndroidManifest.xml:26:22-94
28
29    <application
29-->src\main\AndroidManifest.xml:13:5-53:19
30        android:allowBackup="true"
30-->src\main\AndroidManifest.xml:14:9-35
31        android:appComponentFactory="androidx.core.app.CoreComponentFactory"
31-->[androidx.core:core:1.9.0] AndroidManifest.xml:28:18-86
32        android:debuggable="true"
33        android:extractNativeLibs="false"
34        android:label="SMRS Clinic Terminal"
34-->src\main\AndroidManifest.xml:15:9-45
35        android:networkSecurityConfig="@xml/network_security_config"
35-->src\main\AndroidManifest.xml:18:9-69
36        android:testOnly="true"
37        android:theme="@style/AppTheme"
37-->src\main\AndroidManifest.xml:16:9-40
38        android:usesCleartextTraffic="true" >
38-->src\main\AndroidManifest.xml:17:9-44
39
40        <!--
41            android:exported="true" is REQUIRED on Android 12+
42            for any activity with an intent-filter.
43            Missing this = crash on launch on Android 12-14.
44        -->
45        <activity
45-->src\main\AndroidManifest.xml:25:9-33:20
46            android:name="com.smrs.clinic.MainActivity"
46-->src\main\AndroidManifest.xml:26:13-41
47            android:exported="true"
47-->src\main\AndroidManifest.xml:27:13-36
48            android:launchMode="singleTop" >
48-->src\main\AndroidManifest.xml:28:13-43
49            <intent-filter>
49-->src\main\AndroidManifest.xml:29:13-32:29
50                <action android:name="android.intent.action.MAIN" />
50-->src\main\AndroidManifest.xml:30:17-69
50-->src\main\AndroidManifest.xml:30:25-66
51
52                <category android:name="android.intent.category.LAUNCHER" />
52-->src\main\AndroidManifest.xml:31:17-77
52-->src\main\AndroidManifest.xml:31:27-74
53            </intent-filter>
54        </activity>
55
56        <!--
57            HCE Service — broadcasts student JSON via NFC.
58            android:exported="true" is required for the NFC stack
59            to bind to this service.
60            android:permission restricts binding to NFC system only.
61        -->
62        <service
62-->src\main\AndroidManifest.xml:41:9-51:19
63            android:name="com.smrs.clinic.NfcHceService"
63-->src\main\AndroidManifest.xml:42:13-42
64            android:exported="true"
64-->src\main\AndroidManifest.xml:43:13-36
65            android:permission="android.permission.BIND_NFC_SERVICE" >
65-->src\main\AndroidManifest.xml:44:13-69
66            <intent-filter>
66-->src\main\AndroidManifest.xml:45:13-47:29
67                <action android:name="android.nfc.cardemulation.action.HOST_APDU_SERVICE" />
67-->src\main\AndroidManifest.xml:46:17-93
67-->src\main\AndroidManifest.xml:46:25-90
68            </intent-filter>
69
70            <meta-data
70-->src\main\AndroidManifest.xml:48:13-50:55
71                android:name="android.nfc.cardemulation.host_apdu_service"
71-->src\main\AndroidManifest.xml:49:17-75
72                android:resource="@xml/apduservice" />
72-->src\main\AndroidManifest.xml:50:17-52
73        </service>
74
75        <provider
75-->[androidx.emoji2:emoji2:1.2.0] AndroidManifest.xml:24:9-32:20
76            android:name="androidx.startup.InitializationProvider"
76-->[androidx.emoji2:emoji2:1.2.0] AndroidManifest.xml:25:13-67
77            android:authorities="com.smrs.clinic.androidx-startup"
77-->[androidx.emoji2:emoji2:1.2.0] AndroidManifest.xml:26:13-68
78            android:exported="false" >
78-->[androidx.emoji2:emoji2:1.2.0] AndroidManifest.xml:27:13-37
79            <meta-data
79-->[androidx.emoji2:emoji2:1.2.0] AndroidManifest.xml:29:13-31:52
80                android:name="androidx.emoji2.text.EmojiCompatInitializer"
80-->[androidx.emoji2:emoji2:1.2.0] AndroidManifest.xml:30:17-75
81                android:value="androidx.startup" />
81-->[androidx.emoji2:emoji2:1.2.0] AndroidManifest.xml:31:17-49
82            <meta-data
82-->[androidx.lifecycle:lifecycle-process:2.4.1] AndroidManifest.xml:31:13-33:52
83                android:name="androidx.lifecycle.ProcessLifecycleInitializer"
83-->[androidx.lifecycle:lifecycle-process:2.4.1] AndroidManifest.xml:32:17-78
84                android:value="androidx.startup" />
84-->[androidx.lifecycle:lifecycle-process:2.4.1] AndroidManifest.xml:33:17-49
85        </provider>
86    </application>
87
88</manifest>